<?xml version="1.0" encoding="UTF-8"?>
<!-- Generated by org.testng.reporters.JUnitReportReporter -->
<testsuite skipped="0" hostname="DESKTOP-RIUS5ET" name="com.tt.testrunner.TestRunner" tests="1" failures="0" timestamp="09 Jun 2019 06:46:49 GMT" time="10.332" errors="0">
  <testcase name="feature" time="10.332" classname="com.tt.testrunner.TestRunner"/>
</testsuite> <!-- com.tt.testrunner.TestRunner -->
